The system is: Windows - 10.0.22000 - AMD64
Compiling the CXX compiler identification source file "CMakeCXXCompilerId.cpp" succeeded.
Compiler: C:/Program Files (x86)/Microsoft Visual Studio/2019/Community/VC/Tools/MSVC/14.29.30133/bin/Hostx86/x86/cl.exe 
Build flags: 
Id flags:  

The output was:
0
Microsoft (R) C/C++ Optimizing Compiler Version 19.29.30146 for x86
Copyright (C) Microsoft Corporation.  All rights reserved.

CMakeCXXCompilerId.cpp
Microsoft (R) Incremental Linker Version 14.29.30146.0
Copyright (C) Microsoft Corporation.  All rights reserved.

/out:CMakeCXXCompilerId.exe 
CMakeCXXCompilerId.obj 


Compilation of the CXX compiler identification source "CMakeCXXCompilerId.cpp" produced "CMakeCXXCompilerId.exe"

Compilation of the CXX compiler identification source "CMakeCXXCompilerId.cpp" produced "CMakeCXXCompilerId.obj"

The CXX compiler identification is MSVC, found in "D:/LBNP_programming/Pico/AD5694R/build/pioasm/CMakeFiles/3.25.0-rc2/CompilerIdCXX/CMakeCXXCompilerId.exe"

Detecting CXX compiler ABI info compiled with the following output:
Change Dir: D:/LBNP_programming/Pico/AD5694R/build/pioasm/CMakeFiles/CMakeScratch/TryCompile-dq8u5n

Run Build Command(s):C:/VSARM/mingw/mingw32/bin/mingw32-make.exe -f Makefile cmTC_f5aea/fast && mingw32-make.exe[3]: Entering directory 'D:/LBNP_programming/Pico/AD5694R/build/pioasm/CMakeFiles/CMakeScratch/TryCompile-dq8u5n'
C:/VSARM/mingw/mingw32/bin/mingw32-make.exe  -f CMakeFiles\cmTC_f5aea.dir\build.make CMakeFiles/cmTC_f5aea.dir/build
mingw32-make.exe[4]: Entering directory 'D:/LBNP_programming/Pico/AD5694R/build/pioasm/CMakeFiles/CMakeScratch/TryCompile-dq8u5n'
Building CXX object CMakeFiles/cmTC_f5aea.dir/CMakeCXXCompilerABI.cpp.obj
"C:\Program Files\CMake\bin\cmake.exe" -E cmake_cl_compile_depends --dep-file=CMakeFiles\cmTC_f5aea.dir\CMakeCXXCompilerABI.cpp.obj.d --working-dir=D:\LBNP_programming\Pico\AD5694R\build\pioasm\CMakeFiles\CMakeScratch\TryCompile-dq8u5n --filter-prefix="Note: including file: " -- C:\PROGRA~2\MICROS~4\2019\COMMUN~1\VC\Tools\MSVC\1429~1.301\bin\Hostx86\x86\cl.exe  /nologo /TP   /DWIN32 /D_WINDOWS /W3 /GR /EHsc  /MDd /Zi /Ob0 /Od /RTC1 /showIncludes /FoCMakeFiles\cmTC_f5aea.dir\CMakeCXXCompilerABI.cpp.obj /FdCMakeFiles\cmTC_f5aea.dir/ /FS -c "C:\Program Files\CMake\share\cmake-3.25\Modules\CMakeCXXCompilerABI.cpp"
CMakeCXXCompilerABI.cpp
Linking CXX executable cmTC_f5aea.exe
"C:\Program Files\CMake\bin\cmake.exe" -E cmake_link_script CMakeFiles\cmTC_f5aea.dir\link.txt --verbose=1
"C:\Program Files\CMake\bin\cmake.exe" -E vs_link_exe --intdir=CMakeFiles\cmTC_f5aea.dir --rc=C:\PROGRA~2\WI3CF2~1\10\bin\100190~1.0\x86\rc.exe --mt=C:\PROGRA~2\WI3CF2~1\10\bin\100190~1.0\x86\mt.exe --manifests -- C:\PROGRA~2\MICROS~4\2019\COMMUN~1\VC\Tools\MSVC\1429~1.301\bin\Hostx86\x86\link.exe /nologo @CMakeFiles\cmTC_f5aea.dir\objects1  /out:cmTC_f5aea.exe /implib:cmTC_f5aea.lib /pdb:D:\LBNP_programming\Pico\AD5694R\build\pioasm\CMakeFiles\CMakeScratch\TryCompile-dq8u5n\cmTC_f5aea.pdb /version:0.0 /machine:X86  /debug /INCREMENTAL /subsystem:console  kernel32.lib user32.lib gdi32.lib winspool.lib shell32.lib ole32.lib oleaut32.lib uuid.lib comdlg32.lib advapi32.lib 
mingw32-make.exe[4]: Leaving directory 'D:/LBNP_programming/Pico/AD5694R/build/pioasm/CMakeFiles/CMakeScratch/TryCompile-dq8u5n'
mingw32-make.exe[3]: Leaving directory 'D:/LBNP_programming/Pico/AD5694R/build/pioasm/CMakeFiles/CMakeScratch/TryCompile-dq8u5n'



